<?xml version="1.0" encoding="UTF-8"?>
<!-- Generated by org.testng.reporters.JUnitReportReporter -->
<testsuite skipped="0" hostname="DESKTOP-K766CG4" name="qaclickacademy.SeleniumTest" tests="2" failures="0" timestamp="2020-04-01T13:09:13 IST" time="0.000" errors="0">
  <testcase name="browserauto" time="0.000" classname="qaclickacademy.SeleniumTest"/>
  <system-out/>
  <testcase name="elementsui" time="0.000" classname="qaclickacademy.SeleniumTest"/>
  <system-out/>
</testsuite> <!-- qaclickacademy.SeleniumTest -->
