<?xml version="1.0" encoding="UTF-8"?>
<!-- Generated by org.testng.reporters.JUnitReportReporter -->
<testsuite skipped="0" hostname="DESKTOP-K766CG4" name="qaclickacademy.RESTAPI" tests="2" failures="0" timestamp="2020-03-31T20:15:30 IST" time="0.016" errors="0">
  <testcase name="postjira" time="0.000" classname="qaclickacademy.RESTAPI"/>
  <system-out/>
  <testcase name="deletetwitter" time="0.016" classname="qaclickacademy.RESTAPI"/>
  <system-out/>
</testsuite> <!-- qaclickacademy.RESTAPI -->
