<?xml version="1.0" encoding="UTF-8"?>
<!-- Generated by org.testng.reporters.JUnitReportReporter -->
<testsuite skipped="0" hostname="DESKTOP-K766CG4" name="qaclickacademy.AppiumTest" tests="2" failures="0" timestamp="2020-04-01T13:09:13 IST" time="0.012" errors="0">
  <testcase name="neativeapp" time="0.000" classname="qaclickacademy.AppiumTest"/>
  <system-out/>
  <testcase name="ISOapp" time="0.012" classname="qaclickacademy.AppiumTest"/>
  <system-out/>
</testsuite> <!-- qaclickacademy.AppiumTest -->
